<?xml version="1.0" encoding="UTF-8"?>
<!-- Generated by org.testng.reporters.JUnitXMLReporter -->
<testsuite ignored="0" hostname="DESKTOP-CFSKSBJ" failures="0" tests="6" name="Default test" time="10.763" errors="0" timestamp="2024-11-13T03:04:19 IST">
  <testcase classname="api.test.DDTests" name="testPostUser" time="3.145"/>
  <testcase classname="api.test.DDTests" name="testPostUser" time="1.278"/>
  <testcase classname="api.test.DDTests" name="testPostUser" time="1.252"/>
  <testcase classname="api.test.DDTests" name="testDeleteUser" time="1.265"/>
  <testcase classname="api.test.DDTests" name="testDeleteUser" time="1.211"/>
  <testcase classname="api.test.DDTests" name="testDeleteUser" time="1.298"/>
</testsuite> <!-- Default test -->
