<?xml version="1.0" encoding="UTF-8"?>
<!-- Generated by org.testng.reporters.JUnitXMLReporter -->
<testsuite ignored="0" hostname="DESKTOP-CFSKSBJ" failures="0" tests="4" name="Default test" time="7.85" errors="0" timestamp="2024-11-13T02:07:42 IST">
  <testcase classname="api.test.UserTests" name="testPostUser" time="3.165"/>
  <testcase classname="api.test.UserTests" name="testGetUser" time="1.099"/>
  <testcase classname="api.test.UserTests" name="testUpdateUser" time="2.209"/>
  <testcase classname="api.test.UserTests" name="testDeleteUser" time="1.084"/>
</testsuite> <!-- Default test -->
