<?xml version="1.0" encoding="UTF-8"?>
<!-- Generated by org.testng.reporters.JUnitXMLReporter -->
<testsuite ignored="0" hostname="DESKTOP-CFSKSBJ" failures="0" tests="4" name="Test" time="7.97" errors="0" timestamp="2024-11-13T02:08:28 IST">
  <testcase classname="api.test.UserTests" name="testPostUser" time="3.19"/>
  <testcase classname="api.test.UserTests" name="testGetUser" time="1.186"/>
  <testcase classname="api.test.UserTests" name="testUpdateUser" time="2.237"/>
  <testcase classname="api.test.UserTests" name="testDeleteUser" time="1.097"/>
</testsuite> <!-- Test -->
