<?xml version="1.0" encoding="UTF-8"?>
<!-- Generated by org.testng.reporters.JUnitXMLReporter -->
<testsuite ignored="0" hostname="DESKTOP-CFSKSBJ" failures="0" tests="10" name="Test" time="15.355" errors="0" timestamp="2024-11-13T03:07:19 IST">
  <testcase classname="api.test.UserTests" name="testPostUser" time="2.866"/>
  <testcase classname="api.test.UserTests" name="testGetUser" time="1.098"/>
  <testcase classname="api.test.UserTests" name="testUpdateUser" time="2.167"/>
  <testcase classname="api.test.UserTests" name="testDeleteUser" time="1.128"/>
  <testcase classname="api.test.DDTests" name="testPostUser" time="1.141"/>
  <testcase classname="api.test.DDTests" name="testPostUser" time="1.099"/>
  <testcase classname="api.test.DDTests" name="testPostUser" time="1.093"/>
  <testcase classname="api.test.DDTests" name="testDeleteUser" time="1.125"/>
  <testcase classname="api.test.DDTests" name="testDeleteUser" time="1.074"/>
  <testcase classname="api.test.DDTests" name="testDeleteUser" time="1.068"/>
</testsuite> <!-- Test -->
