<?xml version="1.0" encoding="UTF-8"?>
<!-- Generated by org.testng.reporters.JUnitXMLReporter -->
<testsuite ignored="0" hostname="DESKTOP-CFSKSBJ" failures="0" tests="4" name="Test" time="9.046" errors="0" timestamp="2024-11-13T02:25:51 IST">
  <testcase classname="api.test.UserTests" name="testPostUser" time="3.663"/>
  <testcase classname="api.test.UserTests" name="testGetUser" time="1.258"/>
  <testcase classname="api.test.UserTests" name="testUpdateUser" time="2.508"/>
  <testcase classname="api.test.UserTests" name="testDeleteUser" time="1.293"/>
</testsuite> <!-- Test -->
