<?xml version="1.0" encoding="UTF-8"?>
<testng-results ignored="0" total="4" passed="4" failed="0" skipped="0">
  <reporter-output>
  </reporter-output>
  <suite started-at="2024-11-13T02:36:21 IST" name="Suite" finished-at="2024-11-13T02:36:31 IST" duration-ms="10322">
    <groups>
    </groups>
    <test started-at="2024-11-13T02:36:21 IST" name="Test" finished-at="2024-11-13T02:36:31 IST" duration-ms="10322">
      <class name="api.test.UserTests">
        <test-method is-config="true" signature="setUpData()[pri:0, instance:api.test.UserTests@5644dc81]" started-at="2024-11-13T02:36:21 IST" name="setUpData" finished-at="2024-11-13T02:36:21 IST" duration-ms="267" status="PASS">
          <reporter-output>
          </reporter-output>
        </test-method> <!-- setUpData -->
        <test-method signature="testPostUser()[pri:1, instance:api.test.UserTests@5644dc81]" started-at="2024-11-13T02:36:21 IST" name="testPostUser" finished-at="2024-11-13T02:36:24 IST" duration-ms="3136" status="PASS">
          <reporter-output>
          </reporter-output>
        </test-method> <!-- testPostUser -->
        <test-method signature="testGetUser()[pri:2, instance:api.test.UserTests@5644dc81]" started-at="2024-11-13T02:36:24 IST" name="testGetUser" finished-at="2024-11-13T02:36:28 IST" duration-ms="3513" status="PASS">
          <reporter-output>
          </reporter-output>
        </test-method> <!-- testGetUser -->
        <test-method signature="testUpdateUser()[pri:3, instance:api.test.UserTests@5644dc81]" started-at="2024-11-13T02:36:28 IST" name="testUpdateUser" finished-at="2024-11-13T02:36:30 IST" duration-ms="2226" status="PASS">
          <reporter-output>
          </reporter-output>
        </test-method> <!-- testUpdateUser -->
        <test-method signature="testDeleteUser()[pri:4, instance:api.test.UserTests@5644dc81]" started-at="2024-11-13T02:36:30 IST" name="testDeleteUser" finished-at="2024-11-13T02:36:31 IST" duration-ms="1138" status="PASS">
          <reporter-output>
          </reporter-output>
        </test-method> <!-- testDeleteUser -->
      </class> <!-- api.test.UserTests -->
    </test> <!-- Test -->
  </suite> <!-- Suite -->
</testng-results>
