<?xml version="1.0" encoding="UTF-8"?>
<testng-results ignored="0" total="4" passed="4" failed="0" skipped="0">
  <reporter-output>
  </reporter-output>
  <suite started-at="2024-11-13T02:42:51 IST" name="Suite" finished-at="2024-11-13T02:43:00 IST" duration-ms="8827">
    <groups>
    </groups>
    <test started-at="2024-11-13T02:42:51 IST" name="Test" finished-at="2024-11-13T02:43:00 IST" duration-ms="8827">
      <class name="api.test.UserTests">
        <test-method is-config="true" signature="setUpData()[pri:0, instance:api.test.UserTests@5b1f29fa]" started-at="2024-11-13T02:42:51 IST" name="setUpData" finished-at="2024-11-13T02:42:52 IST" duration-ms="280" status="PASS">
          <reporter-output>
          </reporter-output>
        </test-method> <!-- setUpData -->
        <test-method signature="testPostUser()[pri:1, instance:api.test.UserTests@5b1f29fa]" started-at="2024-11-13T02:42:52 IST" name="testPostUser" finished-at="2024-11-13T02:42:55 IST" duration-ms="3436" status="PASS">
          <reporter-output>
          </reporter-output>
        </test-method> <!-- testPostUser -->
        <test-method signature="testGetUser()[pri:2, instance:api.test.UserTests@5b1f29fa]" started-at="2024-11-13T02:42:55 IST" name="testGetUser" finished-at="2024-11-13T02:42:56 IST" duration-ms="1287" status="PASS">
          <reporter-output>
          </reporter-output>
        </test-method> <!-- testGetUser -->
        <test-method signature="testUpdateUser()[pri:3, instance:api.test.UserTests@5b1f29fa]" started-at="2024-11-13T02:42:56 IST" name="testUpdateUser" finished-at="2024-11-13T02:42:59 IST" duration-ms="2467" status="PASS">
          <reporter-output>
          </reporter-output>
        </test-method> <!-- testUpdateUser -->
        <test-method signature="testDeleteUser()[pri:4, instance:api.test.UserTests@5b1f29fa]" started-at="2024-11-13T02:42:59 IST" name="testDeleteUser" finished-at="2024-11-13T02:43:00 IST" duration-ms="1282" status="PASS">
          <reporter-output>
          </reporter-output>
        </test-method> <!-- testDeleteUser -->
      </class> <!-- api.test.UserTests -->
    </test> <!-- Test -->
  </suite> <!-- Suite -->
</testng-results>
