<?xml version="1.0" encoding="UTF-8"?>
<testsuite xmlns:xsi="http://www.w3.org/2001/XMLSchema-instance" xsi:noNamespaceSchemaLocation="https://maven.apache.org/surefire/maven-surefire-plugin/xsd/surefire-test-report-3.0.xsd" version="3.0" name="TestSuite" time="9.343" tests="4" errors="0" skipped="0" failures="0">
  <properties>
[...]
</properties>
  <testcase name="testPostUser" classname="api.test.UserTests" time="3.28">
    <system-out><![CDATA[HTTP/1.1 200 OK
Date: Tue, 12 Nov 2024 20:44:48 GMT
Content-Type: application/json
Transfer-Encoding: chunked
Connection: keep-alive
Access-Control-Allow-Origin: *
Access-Control-Allow-Methods: GET, POST, DELETE, PUT
Access-Control-Allow-Headers: Content-Type, api_key, Authorization
Server: Jetty(9.2.9.v20150224)

{
    "code": 200,
    "type": "unknown",
    "message": "1404834600"
}
]]></system-out>
  </testcase>
  <testcase name="testGetUser" classname="api.test.UserTests" time="1.187">
    <system-out><![CDATA[HTTP/1.1 200 OK
Date: Tue, 12 Nov 2024 20:44:50 GMT
Content-Type: application/json
Transfer-Encoding: chunked
Connection: keep-alive
Access-Control-Allow-Origin: *
Access-Control-Allow-Methods: GET, POST, DELETE, PUT
Access-Control-Allow-Headers: Content-Type, api_key, Authorization
Server: Jetty(9.2.9.v20150224)

{
    "id": 1404834600,
    "username": "ayesha.zboncak",
    "firstName": "Albert",
    "lastName": "Rice",
    "email": "whitney.mcclure@example.com",
    "password": "h79xfbbwuu",
    "phone": "037.001.7440",
    "userStatus": 0
}
]]></system-out>
  </testcase>
  <testcase name="testUpdateUser" classname="api.test.UserTests" time="2.281">
    <system-out><![CDATA[{
    "code": 200,
    "type": "unknown",
    "message": "1404834600"
}
HTTP/1.1 200 OK
Date: Tue, 12 Nov 2024 20:44:52 GMT
Content-Type: application/json
Transfer-Encoding: chunked
Connection: keep-alive
Access-Control-Allow-Origin: *
Access-Control-Allow-Methods: GET, POST, DELETE, PUT
Access-Control-Allow-Headers: Content-Type, api_key, Authorization
Server: Jetty(9.2.9.v20150224)

{
    "id": 1404834600,
    "username": "ayesha.zboncak",
    "firstName": "Shane",
    "lastName": "Kessler",
    "email": "oscar.reilly@example.com",
    "password": "h79xfbbwuu",
    "phone": "037.001.7440",
    "userStatus": 0
}
]]></system-out>
  </testcase>
  <testcase name="testDeleteUser" classname="api.test.UserTests" time="1.116">
    <system-out><![CDATA[HTTP/1.1 200 OK
Date: Tue, 12 Nov 2024 20:44:53 GMT
Content-Type: application/json
Transfer-Encoding: chunked
Connection: keep-alive
Access-Control-Allow-Origin: *
Access-Control-Allow-Methods: GET, POST, DELETE, PUT
Access-Control-Allow-Headers: Content-Type, api_key, Authorization
Server: Jetty(9.2.9.v20150224)

{
    "code": 200,
    "type": "unknown",
    "message": "ayesha.zboncak"
}
]]></system-out>
  </testcase>
</testsuite>