<?xml version="1.0" encoding="UTF-8"?>
<testng-results ignored="0" total="4" passed="4" failed="0" skipped="0">
  <reporter-output>
  </reporter-output>
  <suite started-at="2024-11-13T02:08:20 IST" name="Suite" finished-at="2024-11-13T02:08:28 IST" duration-ms="7970">
    <groups>
    </groups>
    <test started-at="2024-11-13T02:08:20 IST" name="Test" finished-at="2024-11-13T02:08:28 IST" duration-ms="7970">
      <class name="api.test.UserTests">
        <test-method is-config="true" signature="setUpData()[pri:0, instance:api.test.UserTests@66629f63]" started-at="2024-11-13T02:08:20 IST" name="setUpData" finished-at="2024-11-13T02:08:20 IST" duration-ms="195" status="PASS">
          <reporter-output>
          </reporter-output>
        </test-method> <!-- setUpData -->
        <test-method signature="testPostUser()[pri:1, instance:api.test.UserTests@66629f63]" started-at="2024-11-13T02:08:20 IST" name="testPostUser" finished-at="2024-11-13T02:08:24 IST" duration-ms="3190" status="PASS">
          <reporter-output>
          </reporter-output>
        </test-method> <!-- testPostUser -->
        <test-method signature="testGetUser()[pri:2, instance:api.test.UserTests@66629f63]" started-at="2024-11-13T02:08:24 IST" name="testGetUser" finished-at="2024-11-13T02:08:25 IST" duration-ms="1186" status="PASS">
          <reporter-output>
          </reporter-output>
        </test-method> <!-- testGetUser -->
        <test-method signature="testUpdateUser()[pri:3, instance:api.test.UserTests@66629f63]" started-at="2024-11-13T02:08:25 IST" name="testUpdateUser" finished-at="2024-11-13T02:08:27 IST" duration-ms="2237" status="PASS">
          <reporter-output>
          </reporter-output>
        </test-method> <!-- testUpdateUser -->
        <test-method signature="testDeleteUser()[pri:4, instance:api.test.UserTests@66629f63]" started-at="2024-11-13T02:08:27 IST" name="testDeleteUser" finished-at="2024-11-13T02:08:28 IST" duration-ms="1097" status="PASS">
          <reporter-output>
          </reporter-output>
        </test-method> <!-- testDeleteUser -->
      </class> <!-- api.test.UserTests -->
    </test> <!-- Test -->
  </suite> <!-- Suite -->
</testng-results>
